[debug] [2024-06-13T10:24:52.517Z] ----------------------------------------------------------------------
[debug] [2024-06-13T10:24:52.518Z] Command:       /usr/local/bin/firebase /home/me/.cache/firebase/tools/lib/node_modules/firebase-tools/lib/bin/firebase deploy
[debug] [2024-06-13T10:24:52.518Z] CLI Version:   13.11.2
[debug] [2024-06-13T10:24:52.519Z] Platform:      linux
[debug] [2024-06-13T10:24:52.519Z] Node Version:  v18.5.0
[debug] [2024-06-13T10:24:52.519Z] Time:          Thu Jun 13 2024 12:24:52 GMT+0200 (Central European Summer Time)
[debug] [2024-06-13T10:24:52.519Z] ----------------------------------------------------------------------
[debug] 
[debug] [2024-06-13T10:24:52.572Z] > command requires scopes: ["email","openid","https://www.googleapis.com/auth/cloudplatformprojects.readonly","https://www.googleapis.com/auth/firebase","https://www.googleapis.com/auth/cloud-platform"]
[debug] [2024-06-13T10:24:52.573Z] > authorizing via signed-in user (lars.lars.specht@gmail.com)
[debug] [2024-06-13T10:24:52.573Z] [iam] checking project larsaars-question-game for permissions ["firebase.projects.get","firebasehosting.sites.update"]
[debug] [2024-06-13T10:24:52.575Z] >>> [apiv2][query] POST https://cloudresourcemanager.googleapis.com/v1/projects/larsaars-question-game:testIamPermissions [none]
[debug] [2024-06-13T10:24:52.575Z] >>> [apiv2][(partial)header] POST https://cloudresourcemanager.googleapis.com/v1/projects/larsaars-question-game:testIamPermissions x-goog-quota-user=projects/larsaars-question-game
[debug] [2024-06-13T10:24:52.575Z] >>> [apiv2][body] POST https://cloudresourcemanager.googleapis.com/v1/projects/larsaars-question-game:testIamPermissions {"permissions":["firebase.projects.get","firebasehosting.sites.update"]}
[debug] [2024-06-13T10:24:53.512Z] <<< [apiv2][status] POST https://cloudresourcemanager.googleapis.com/v1/projects/larsaars-question-game:testIamPermissions 200
[debug] [2024-06-13T10:24:53.513Z] <<< [apiv2][body] POST https://cloudresourcemanager.googleapis.com/v1/projects/larsaars-question-game:testIamPermissions {"permissions":["firebase.projects.get","firebasehosting.sites.update"]}
[debug] [2024-06-13T10:24:53.515Z] >>> [apiv2][query] GET https://firebase.googleapis.com/v1beta1/projects/larsaars-question-game [none]
[debug] [2024-06-13T10:24:54.502Z] <<< [apiv2][status] GET https://firebase.googleapis.com/v1beta1/projects/larsaars-question-game 200
[debug] [2024-06-13T10:24:54.502Z] <<< [apiv2][body] GET https://firebase.googleapis.com/v1beta1/projects/larsaars-question-game {"projectId":"larsaars-question-game","projectNumber":"903591745750","displayName":"question game","name":"projects/larsaars-question-game","resources":{"hostingSite":"larsaars-question-game"},"state":"ACTIVE","etag":"1_6274869a-2c44-42c5-91a3-64349b0c93ed"}
[info] 
   Thank you for trying our experimental support for Flutter Web on Firebase Hosting.
   While this integration is maintained by Googlers it is not a supported Firebase product.
   Issues filed on GitHub will be addressed on a best-effort basis by maintainers and other community members.

   Documentation: https://firebase.google.com/docs/hosting/frameworks/frameworks-overview
   File a bug: https://github.com/firebase/firebase-tools/issues/new?template=bug_report.md
   Submit a feature request: https://github.com/firebase/firebase-tools/issues/new?template=feature_request.md

   We'd love to learn from you. Express your interest in helping us shape the future of Firebase Hosting: https://goo.gle/41enW5X

